<?xml version="1.0" encoding="UTF-8"?>
<!-- Generated by org.testng.reporters.JUnitReportReporter -->
<testsuite hostname="user-Latitude-3420" failures="0" tests="2" name="com.qa.tests.ProductTests" time="23.916" errors="0" timestamp="2023-10-26T12:01:21 IST" skipped="0">
  <testcase classname="com.qa.tests.ProductTests" name="validateProductAtProductDetail" time="8.394"/>
  <testcase classname="com.qa.tests.ProductTests" name="addProductsToCart" time="15.522"/>
</testsuite> <!-- com.qa.tests.ProductTests -->
