<?xml version="1.0" encoding="UTF-8"?>
<!-- Generated by org.testng.reporters.JUnitReportReporter -->
<testsuite hostname="user-Latitude-3420" failures="0" tests="2" name="com.qa.tests.LoginTests" time="17.953" errors="0" timestamp="2023-11-24T13:01:00 IST" skipped="0">
  <testcase classname="com.qa.tests.LoginTests" name="invalidUserName" time="9.868"/>
  <testcase classname="com.qa.tests.LoginTests" name="invalidUserName" time="8.085"/>
</testsuite> <!-- com.qa.tests.LoginTests -->
