<?xml version="1.0" encoding="UTF-8"?>
<!-- Generated by org.testng.reporters.JUnitReportReporter -->
<testsuite hostname="user-Latitude-3420" failures="0" tests="1" name="com.qa.tests.LoginTests" time="10.231" errors="0" timestamp="2023-11-23T22:58:49 IST" skipped="0">
  <testcase classname="com.qa.tests.LoginTests" name="invalidUserName" time="10.231"/>
  <system-out>
    <![CDATA[This is a test reporter
<a href='/home/user/IdeaProjects/practiceFrameworkMultiThreadCheap/Screenshots/Android_11_Realme 7/2023-11-23-22-58-21/ProductTests/addProductsToCart.png'> <img src='/home/user/IdeaProjects/practiceFrameworkMultiThreadCheap/Screenshots/Android_11_Realme 7/2023-11-23-22-58-21/ProductTests/addProductsToCart.png' height='400' width='400'/> </a>]]>
  </system-out>
</testsuite> <!-- com.qa.tests.LoginTests -->
